2025-05-15 14:57:00 INFO  BaseClass:85 - Starting Webautomation Test
2025-05-15 14:57:00 INFO  BaseClass:85 - Starting Webautomation Test
2025-05-15 14:57:04 INFO  BaseClass:400 - Page load timeout.
2025-05-15 14:57:08 INFO  BaseClass:369 - Successfully launched "https://www.etvwin.com/home"
2025-05-15 14:57:08 INFO  Loginpage:22 - Starting Login Test
2025-05-15 14:57:08 INFO  Loginpage:266 - Login is Clicked
2025-05-15 14:57:09 INFO  Loginpage:266 - Email is Clicked
2025-05-15 14:57:09 INFO  Loginpage:324 - sarankumar2002vrp@gmail.com is entered in Email ID successfully
2025-05-15 14:57:09 INFO  Loginpage:324 - Test@2024 is entered in Password successfully
2025-05-15 14:57:09 INFO  Loginpage:266 - Next is Clicked
2025-05-15 14:57:19 INFO  Loginpage:387 - Element is Visibile: Profile img
2025-05-15 14:57:20 INFO  Loginpage:283 - Profileselect is Clicked
2025-05-15 14:57:20 INFO  Profilepage:21 - Profile page test
2025-05-15 14:57:20 INFO  Profilepage:357 - Click Action is performed on Profile navigation
2025-05-15 14:57:20 INFO  Profilepage:266 -  My Profile is Clicked
2025-05-15 14:57:20 INFO  Profilepage:387 - Element is Visibile: Profile name
2025-05-15 14:57:20 ERROR Profilepage:226 - Assertion Validation on Element profilename: Expected='sarankumar', Actual='testingprofile'
2025-05-15 14:57:20 INFO  Profilepage:223 - Assertion Validation on Element profileemail: Expected='sarankumar2002vrp@gmail.com', Actual='sarankumar2002vrp@gmail.com'
2025-05-15 14:57:20 INFO  Profilepage:223 - Assertion Validation on Element profilemobile: Expected='918946072408', Actual='918946072408'
2025-05-15 14:57:20 INFO  Profilepage:387 - Element is Visibile: Profile dob
2025-05-15 14:57:20 INFO  Profilepage:223 - Assertion Validation on Element profiledob: Expected='20/09/2022', Actual='20/09/2022'
2025-05-15 14:57:21 INFO  Profilepage:387 - Element is Visibile: Profile gender
2025-05-15 14:57:21 INFO  Profilepage:223 - Assertion Validation on Element profilegender: Expected='Male', Actual='Male'
2025-05-15 14:57:21 INFO  HomepageHeaders:18 - Homepage Headers test
2025-05-15 14:57:21 INFO  HomepageHeaders:238 - Assertion Validation on Element Header logo: Header logo should be visible
2025-05-15 14:57:21 INFO  HomepageHeaders:266 - HOME is Clicked
2025-05-15 14:57:21 INFO  HomepageHeaders:223 - Assertion Validation on Element Homepage url: Expected='https://www.etvwin.com/home', Actual='https://www.etvwin.com/home'
2025-05-15 14:57:21 INFO  HomepageHeaders:266 - TV SHOWS is Clicked
2025-05-15 14:57:21 INFO  HomepageHeaders:223 - Assertion Validation on Element TV shows url: Expected='https://www.etvwin.com/tv-shows', Actual='https://www.etvwin.com/tv-shows'
2025-05-15 14:57:22 INFO  HomepageHeaders:266 - MOVIES is Clicked
2025-05-15 14:57:22 INFO  HomepageHeaders:223 - Assertion Validation on Element Movies url: Expected='https://www.etvwin.com/telugu-movies', Actual='https://www.etvwin.com/telugu-movies'
2025-05-15 14:57:22 INFO  HomepageHeaders:266 - WATCH FREE is Clicked
2025-05-15 14:57:22 INFO  HomepageHeaders:223 - Assertion Validation on Element Watchfree url: Expected='https://www.etvwin.com/free', Actual='https://www.etvwin.com/free'
2025-05-15 14:57:22 INFO  HomepageHeaders:266 - LIVE TV is Clicked
2025-05-15 14:57:22 INFO  HomepageHeaders:223 - Assertion Validation on Element Livetv url: Expected='https://www.etvwin.com/live', Actual='https://www.etvwin.com/live'
2025-05-15 14:57:23 INFO  HomepageHeaders:266 - KIDS is Clicked
2025-05-15 14:57:23 INFO  HomepageHeaders:223 - Assertion Validation on Element kids url: Expected='https://www.etvwin.com/kids', Actual='https://www.etvwin.com/kids'
2025-05-15 14:57:23 INFO  Searchpage:19 - Search page test
2025-05-15 14:57:23 INFO  Searchpage:357 - Click Action is performed on Search icon
2025-05-15 14:57:23 INFO  Searchpage:324 - movies1090 is entered in Search for Shows, Serials, Episodes, Movies, Recipes and Videos successfully
2025-05-15 14:57:23 INFO  Searchpage:312 -  is not Displayed: true
2025-05-15 14:57:24 INFO  Searchpage:238 - Assertion Validation on Element clear icon: Clear icon visible validation
2025-05-15 14:57:24 INFO  Searchpage:324 - Sammohanam is entered in Search for Shows, Serials, Episodes, Movies, Recipes and Videos successfully
2025-05-15 14:57:24 INFO  Searchpage:308 - ETV Bal Bharat Kids is Display: true
2025-05-15 14:57:24 INFO  Searchpage:238 - Assertion Validation on Element Results: Results visibility validation
2025-05-15 14:57:25 INFO  Searchpage:266 - Cancel is Clicked
2025-05-15 14:57:25 INFO  WatchLaterPage:20 - Watchlate page test
2025-05-15 14:57:25 INFO  WatchLaterPage:283 - HOME is Clicked
2025-05-15 14:57:26 INFO  WatchLaterPage:283 - First thumbnail is Clicked
2025-05-15 14:57:27 INFO  WatchLaterPage:283 - Add to wishlist is Clicked
2025-05-15 14:57:27 INFO  WatchLaterPage:387 - Element is Visibile: Added alert
2025-05-15 14:57:27 INFO  WatchLaterPage:223 - Assertion Validation on Element Added alert Assertion: Expected='Added to my list', Actual='Added to my list'
2025-05-15 14:57:27 INFO  WatchLaterPage:283 - watch btn is Clicked
2025-05-15 14:57:28 INFO  WatchLaterPage:393 - Added to Watch now alert Element is now invisibile
2025-05-15 14:57:49 INFO  HomepageCarousels:20 - Homepage carousels test
2025-05-15 14:57:49 INFO  HomepageCarousels:283 - HOME is Clicked
2025-05-15 14:57:51 INFO  HomepageCarousels:177 - Element is Visibile, Scrolled to Before tv
2025-05-15 14:58:02 INFO  TransactionsPage:22 - Transaction page test
2025-05-15 14:58:02 INFO  TransactionsPage:357 - Click Action is performed on Profile navigation
2025-05-15 14:58:03 INFO  TransactionsPage:283 -  My Transactions is Clicked
2025-05-15 14:58:03 INFO  TransactionsPage:308 - My Transactions is Display: true
2025-05-15 14:58:13 INFO  TransactionsPage:308 - Mar 7, 2023 is Display: true
2025-05-15 14:58:13 INFO  TransactionsPage:308 - Premium Plan Month is Display: true
2025-05-15 14:58:14 INFO  TransactionsPage:308 - Mar 7, 2023 to Apr 6, 2023 is Display: true
2025-05-15 14:58:14 INFO  TransactionsPage:308 - Expired is Display: true
2025-05-15 14:58:14 INFO  TransactionsPage:308 - ₹6.6 is Display: true
2025-05-15 14:58:14 INFO  TransactionsPage:308 - Mar 6, 2023 is Display: true
2025-05-15 14:58:14 INFO  TransactionsPage:308 - Premium Plan Month is Display: true
2025-05-15 14:58:14 INFO  TransactionsPage:308 - Mar 6, 2023 to Mar 7, 2023 is Display: true
2025-05-15 14:58:14 INFO  TransactionsPage:308 - Expired is Display: true
2025-05-15 14:58:14 INFO  TransactionsPage:308 - ₹99 is Display: true
2025-05-15 14:58:15 INFO  TransactionsPage:283 - bill download is Clicked
2025-05-15 14:58:15 INFO  TransactionsPage:308 - Mar 7, 2023 is Display: true
2025-05-15 14:58:15 INFO  TransactionsPage:308 - Premium Plan Month is Display: true
2025-05-15 14:58:16 INFO  TransactionsPage:308 - Mar 7, 2023 to Apr 6, 2023 is Display: true
2025-05-15 14:58:16 INFO  TransactionsPage:308 - Expired is Display: true
2025-05-15 14:58:16 INFO  TransactionsPage:308 - ₹6.6 is Display: true
2025-05-15 14:58:16 INFO  TransactionsPage:308 - Mar 6, 2023 is Display: true
2025-05-15 14:58:16 INFO  TransactionsPage:308 - Premium Plan Month is Display: true
2025-05-15 14:58:16 INFO  TransactionsPage:308 - Mar 6, 2023 to Mar 7, 2023 is Display: true
2025-05-15 14:58:16 INFO  TransactionsPage:308 - Expired is Display: true
2025-05-15 14:58:17 INFO  TransactionsPage:308 - ₹99 is Display: true
2025-05-15 14:58:17 INFO  TransactionsPage:283 - bill download is Clicked
2025-05-15 14:58:17 INFO  ActivatetvPage:19 - Activate tv page test
2025-05-15 14:58:17 INFO  ActivatetvPage:357 - Click Action is performed on Profile navigation
2025-05-15 14:58:28 ERROR ActivatetvPage:288 - Failed to click element: Activate tv navigation Expected condition failed: waiting for element to be clickable: [[ChromeDriver: chrome on windows (dc07424083c6cf052ca604b0c6ca3751)] -> xpath: //a[@id='nav-dropdown']/../div/a[7]] (tried for 10 second(s) with 500 milliseconds interval)
Build info: version: '4.11.0', revision: '040bc5406b'
System info: os.name: 'Windows 11', os.arch: 'amd64', os.version: '10.0', java.version: '23.0.1'
Driver info: org.openqa.selenium.chrome.ChromeDriver
Capabilities {acceptInsecureCerts: false, browserName: chrome, browserVersion: 136.0.7103.94, chrome: {chromedriverVersion: 136.0.7103.94 (fa0be0b33deb..., userDataDir: C:\Users\DELL\AppData\Local...}, fedcm:accounts: true, goog:chromeOptions: {debuggerAddress: localhost:60474}, networkConnectionEnabled: false, pageLoadStrategy: normal, platformName: windows, proxy: Proxy(), se:cdp: ws://localhost:60474/devtoo..., se:cdpVersion: 136.0.7103.94, setWindowRect: true, strictFileInteractability: false, timeouts: {implicit: 0, pageLoad: 300000, script: 30000}, unhandledPromptBehavior: dismiss and notify, webauthn:extension:credBlob: true, webauthn:extension:largeBlob: true, webauthn:extension:minPinLength: true, webauthn:extension:prf: true, webauthn:virtualAuthenticators: true}
Session ID: dc07424083c6cf052ca604b0c6ca3751
2025-05-15 14:58:38 INFO  Footersection:20 - Footer section page test
2025-05-15 14:58:39 INFO  Footersection:283 - About Us is Clicked
2025-05-15 14:58:39 INFO  Footersection:308 - About Us is Display: true
2025-05-15 14:58:40 INFO  Footersection:283 - Contact Us is Clicked
2025-05-15 14:58:40 INFO  Footersection:308 - Contact Us is Display: true
2025-05-15 14:58:41 INFO  Footersection:283 - Redeem is Clicked
2025-05-15 14:58:41 INFO  Footersection:308 - Redeem your Promo Code is Display: true
2025-05-15 14:58:42 INFO  Footersection:283 - Privacy Policy is Clicked
2025-05-15 14:58:42 INFO  Footersection:308 - Privacy Policy is Display: true
2025-05-15 14:58:43 INFO  Footersection:283 - Terms and Conditions is Clicked
2025-05-15 14:58:43 INFO  Footersection:308 - Terms and Conditions is Display: true
2025-05-15 14:58:44 INFO  Footersection:283 - FAQ is Clicked
2025-05-15 14:58:44 INFO  Footersection:308 - Frequently Asked Questions is Display: true
2025-05-15 14:58:45 INFO  Footersection:283 - Feedback is Clicked
2025-05-15 14:58:45 INFO  Footersection:308 - Feedback is Display: true
2025-05-15 14:58:45 INFO  Footersection:283 - Subscription is Clicked
2025-05-15 14:58:45 INFO  Footersection:308 - Subscription is Display: true
2025-05-15 14:58:46 INFO  Addprofile:19 - AddProfile page test
2025-05-15 14:58:46 INFO  Addprofile:357 - Click Action is performed on Profile navigation
2025-05-15 14:58:46 INFO  Addprofile:283 -  Manage Profile is Clicked
2025-05-15 14:58:47 INFO  Addprofile:283 - + is Clicked
2025-05-15 14:58:47 INFO  Addprofile:324 - testingprofile is entered in Enter the new name successfully
2025-05-15 14:58:47 INFO  Addprofile:283 - Create is Clicked
2025-05-15 14:58:48 INFO  Addprofile:387 - Element is Visibile: Created alert
2025-05-15 14:58:48 INFO  Addprofile:223 - Assertion Validation on Element Created alert: Expected='Profile created successfully!', Actual='Profile created successfully!'
2025-05-15 14:58:48 INFO  Addprofile:393 - Invisibility of created alert Element is now invisibile
2025-05-15 14:59:03 INFO  Addprofile:357 - Click Action is performed on Profile navigation
2025-05-15 14:59:03 INFO  Addprofile:283 - Switch Profile is Clicked
2025-05-15 14:59:04 INFO  Addprofile:283 - switch to created profile is Clicked
2025-05-15 14:59:05 INFO  Addprofile:283 - HOME is Clicked
2025-05-15 14:59:05 INFO  Addprofile:357 - Click Action is performed on Profile navigation
2025-05-15 14:59:05 INFO  Addprofile:283 -  Manage Profile is Clicked
2025-05-15 14:59:06 INFO  Addprofile:283 - Created profile is Clicked
2025-05-15 14:59:06 INFO  Addprofile:283 - Delete Profile is Clicked
2025-05-15 14:59:06 INFO  Addprofile:283 - Ok is Clicked
2025-05-15 14:59:07 INFO  Addprofile:283 - Switch to Main profile is Clicked
2025-05-15 14:59:07 INFO  Addprofile:283 - Delete Profile is Clicked
2025-05-15 14:59:08 INFO  Addprofile:283 - Ok is Clicked
2025-05-15 14:59:08 INFO  Addprofile:283 - Done is Clicked
2025-05-15 14:59:09 INFO  Addprofile:283 - Switch to default is Clicked
